[debug] [2025-02-06T02:53:01.716Z] ----------------------------------------------------------------------
[debug] [2025-02-06T02:53:01.718Z] Command:       C:\Program Files\nodejs\node.exe C:\Users\marcv\AppData\Roaming\npm\node_modules\firebase-tools\lib\bin\firebase.js emulators:start --only functions
[debug] [2025-02-06T02:53:01.718Z] CLI Version:   13.30.0
[debug] [2025-02-06T02:53:01.719Z] Platform:      win32
[debug] [2025-02-06T02:53:01.719Z] Node Version:  v20.18.2
[debug] [2025-02-06T02:53:01.719Z] Time:          Thu Feb 06 2025 11:53:01 GMT+0900 (GMT+09:00)
[debug] [2025-02-06T02:53:01.719Z] ----------------------------------------------------------------------
[debug] 
[warn] !  functions: The functions emulator is configured but there is no functions source directory. Have you run firebase init functions? {"metadata":{"emulator":{"name":"functions"},"message":"The functions emulator is configured but there is no functions source directory. Have you run \u001b[1mfirebase init functions\u001b[22m?"}}
[debug] [2025-02-06T02:53:01.916Z] > command requires scopes: ["email","openid","https://www.googleapis.com/auth/cloudplatformprojects.readonly","https://www.googleapis.com/auth/firebase","https://www.googleapis.com/auth/cloud-platform"]
[debug] [2025-02-06T02:53:01.916Z] > authorizing via signed-in user (marc@realmotor.jp)
[info] i  emulators: Starting emulators: functions {"metadata":{"emulator":{"name":"hub"},"message":"Starting emulators: functions"}}
[debug] [2025-02-06T02:53:01.924Z] [logging] Logging Emulator only supports listening on one address (127.0.0.1). Not listening on ::1
[debug] [2025-02-06T02:53:01.924Z] assigned listening specs for emulators {"user":{"hub":[{"address":"127.0.0.1","family":"IPv4","port":4400},{"address":"::1","family":"IPv6","port":4400}],"ui":[{"address":"127.0.0.1","family":"IPv4","port":4000},{"address":"::1","family":"IPv6","port":4000}],"logging":[{"address":"127.0.0.1","family":"IPv4","port":4500}]},"metadata":{"message":"assigned listening specs for emulators"}}
[debug] [2025-02-06T02:53:01.928Z] [hub] writing locator at C:\Users\marcv\AppData\Local\Temp\hub-samplermj.json
[debug] [2025-02-06T02:53:01.942Z] Checked if tokens are valid: true, expires at: 1738813964564
[debug] [2025-02-06T02:53:01.942Z] Checked if tokens are valid: true, expires at: 1738813964564
[debug] [2025-02-06T02:53:01.943Z] >>> [apiv2][query] GET https://firebase.googleapis.com/v1beta1/projects/samplermj [none]
[debug] [2025-02-06T02:53:02.322Z] <<< [apiv2][status] GET https://firebase.googleapis.com/v1beta1/projects/samplermj 200
[debug] [2025-02-06T02:53:02.322Z] <<< [apiv2][body] GET https://firebase.googleapis.com/v1beta1/projects/samplermj {"projectId":"samplermj","projectNumber":"879567069316","displayName":"realmotor-dev","name":"projects/samplermj","resources":{"hostingSite":"samplermj","realtimeDatabaseInstance":"samplermj-default-rtdb","locationId":"asia-northeast2"},"state":"ACTIVE","etag":"1_4d9cccec-5161-426d-82ef-2d5690dba724"}
[warn] !  functions: The functions emulator is configured but there is no functions source directory. Have you run firebase init functions? {"metadata":{"emulator":{"name":"functions"},"message":"The functions emulator is configured but there is no functions source directory. Have you run \u001b[1mfirebase init functions\u001b[22m?"}}
[debug] [2025-02-06T02:53:02.334Z] Could not find VSCode notification endpoint: FetchError: request to http://localhost:40001/vscode/notify failed, reason: . If you are not running the Firebase Data Connect VSCode extension, this is expected and not an issue.
[info] 
┌─────────────────────────────────────────────────────────────┐
│ ✔  All emulators ready! It is now safe to connect your app. │
│ i  View Emulator UI at http://127.0.0.1:4000/               │
└─────────────────────────────────────────────────────────────┘

┌───────────┬──────────────────────────────────┬─────────────────────┐
│ Emulator  │ Host:Port                        │ View in Emulator UI │
├───────────┼──────────────────────────────────┼─────────────────────┤
│ Functions │ Failed to initialize (see above) │                     │
└───────────┴──────────────────────────────────┴─────────────────────┘
  Emulator Hub running at 127.0.0.1:4400
  Other reserved ports: 4500

Issues? Report them at https://github.com/firebase/firebase-tools/issues and attach the *-debug.log files.
 
